# test logs
   Compiling fallible-streaming-iterator v0.1.9
   Compiling rusqlite v0.31.0
   Compiling chrono v0.4.42
warning: unused import: `rusqlite::Connection`
 --> src/db/tests.rs:4:9
  |
4 |     use rusqlite::Connection;
  |         ^^^^^^^^^^^^^^^^^^^^
  |
  = note: `#[warn(unused_imports)]` (part of `#[warn(unused)]`) on by default
warning: `cinevault` (bin "cinevault" test) generated 1 warning (run `cargo fix --bin "cinevault" -p cinevault --tests` to apply 1 suggestion)
    Finished `test` profile [unoptimized + debuginfo] target(s) in 1m 22s
     Running unittests src/main.rs (target/debug/deps/cinevault-a40d73588ceebac7)
running 16 tests
test db::migrations::tests::test_default_settings ... ok
test db::migrations::tests::test_migrations ... ok
test db::tests::tests::test_database_creation ... ok
test db::tests::tests::test_core_tables_exist ... ok
test db::tests::tests::test_default_settings ... ok
test db::tests::tests::test_insert_media_file ... ok
test db::tests::tests::test_tmdb_tables_exist ... ok
test db::tests::tests::test_foreign_key_cascade ... ok
test indexer::metadata::tests::test_duration_string ... ok
test indexer::hash::tests::test_quick_hash ... ok
test indexer::hash::tests::test_hash_calculation ... ok
test indexer::metadata::tests::test_resolution_string ... ok
test indexer::scanner::tests::test_extension_detection ... ok
test indexer::scanner::tests::test_file_type_detection ... ok
test indexer::metadata::tests::test_parse_filename ... FAILED
test indexer::metadata::tests::test_parse_episode_info ... ok
failures:
---- indexer::metadata::tests::test_parse_filename stdout ----
thread 'indexer::metadata::tests::test_parse_filename' (9034) panicked at src/indexer/metadata.rs:161:9:
assertion `left == right` failed
  left: "The Matrix 1999 1080p"
 right: "The Matrix"
note: run with `RUST_BACKTRACE=1` environment variable to display a backtrace
failures:
    indexer::metadata::tests::test_parse_filename
test result: FAILED. 15 passed; 1 failed; 0 ignored; 0 measured; 0 filtered out; finished in 0.04s
error: test failed, to rerun pass `--bin cinevault`
Error: Process completed with exit code 101.

